{
  name: 'SequelizeConnectionError',
  parent: Error: connect ETIMEDOUT
      at Connection._handleTimeoutError (C:\Users\yusgu\Documents\UV\6to Semestre\SRED\TeamHub\TeamHubServiceFileRest\node_modules\mysql2\lib\connection.js:205:17)
      at listOnTimeout (node:internal/timers:573:17)
      at process.processTimers (node:internal/timers:514:7) {
    errorno: 'ETIMEDOUT',
    code: 'ETIMEDOUT',
    syscall: 'connect',
    fatal: true
  },
  original: Error: connect ETIMEDOUT
      at Connection._handleTimeoutError (C:\Users\yusgu\Documents\UV\6to Semestre\SRED\TeamHub\TeamHubServiceFileRest\node_modules\mysql2\lib\connection.js:205:17)
      at listOnTimeout (node:internal/timers:573:17)
      at process.processTimers (node:internal/timers:514:7) {
    errorno: 'ETIMEDOUT',
    code: 'ETIMEDOUT',
    syscall: 'connect',
    fatal: true
  },
  level: 'error',
  timestamp: '2024-06-16T09:27:47.320Z'
}
{
  name: 'SequelizeConnectionError',
  parent: Error: connect ETIMEDOUT
      at Connection._handleTimeoutError (C:\Users\yusgu\Documents\UV\6to Semestre\SRED\TeamHub\TeamHubServiceFileRest\node_modules\mysql2\lib\connection.js:205:17)
      at listOnTimeout (node:internal/timers:573:17)
      at process.processTimers (node:internal/timers:514:7) {
    errorno: 'ETIMEDOUT',
    code: 'ETIMEDOUT',
    syscall: 'connect',
    fatal: true
  },
  original: Error: connect ETIMEDOUT
      at Connection._handleTimeoutError (C:\Users\yusgu\Documents\UV\6to Semestre\SRED\TeamHub\TeamHubServiceFileRest\node_modules\mysql2\lib\connection.js:205:17)
      at listOnTimeout (node:internal/timers:573:17)
      at process.processTimers (node:internal/timers:514:7) {
    errorno: 'ETIMEDOUT',
    code: 'ETIMEDOUT',
    syscall: 'connect',
    fatal: true
  },
  level: 'error',
  timestamp: '2024-06-16T09:28:25.834Z'
}
